<?xml version="1.0" encoding="UTF-8"?>
<testsuites>
  <testsuite name="fastlane.lanes">
    
    
    
      
      <testcase classname="fastlane.lanes" name="0: default_platform" time="0.000362">
        
      </testcase>
    
      
      <testcase classname="fastlane.lanes" name="1: clean" time="9.791901">
        
      </testcase>
    
      
      <testcase classname="fastlane.lanes" name="2: flutter clean" time="6.131184">
        
      </testcase>
    
      
      <testcase classname="fastlane.lanes" name="3: flutter build appbundle --release --obfuscate --split-debug-info\=build/app/outputs/symbols --shrink" time="147.963803">
        
          <failure message="/usr/local/Cellar/fastlane/2.220.0/libexec/gems/fastlane-2.220.0/fastlane/lib/fastlane/actions/actions_helper.rb:67:in `execute_action&apos;&#10;/usr/local/Cellar/fastlane/2.220.0/libexec/gems/fastlane-2.220.0/fastlane/lib/fastlane/fast_file.rb:222:in `sh&apos;&#10;/usr/local/Cellar/fastlane/2.220.0/libexec/gems/fastlane-2.220.0/fastlane/lib/fastlane/fast_file.rb:216:in `sh&apos;&#10;Fastfile:145:in `block (3 levels) in parsing_binding&apos;&#10;Fastfile:145:in `chdir&apos;&#10;Fastfile:145:in `block (2 levels) in parsing_binding&apos;&#10;/usr/local/Cellar/fastlane/2.220.0/libexec/gems/fastlane-2.220.0/fastlane/lib/fastlane/lane.rb:41:in `call&apos;&#10;/usr/local/Cellar/fastlane/2.220.0/libexec/gems/fastlane-2.220.0/fastlane/lib/fastlane/runner.rb:49:in `block in execute&apos;&#10;/usr/local/Cellar/fastlane/2.220.0/libexec/gems/fastlane-2.220.0/fastlane/lib/fastlane/runner.rb:45:in `chdir&apos;&#10;/usr/local/Cellar/fastlane/2.220.0/libexec/gems/fastlane-2.220.0/fastlane/lib/fastlane/runner.rb:45:in `execute&apos;&#10;/usr/local/Cellar/fastlane/2.220.0/libexec/gems/fastlane-2.220.0/fastlane/lib/fastlane/lane_manager.rb:46:in `cruise_lane&apos;&#10;/usr/local/Cellar/fastlane/2.220.0/libexec/gems/fastlane-2.220.0/fastlane/lib/fastlane/command_line_handler.rb:34:in `handle&apos;&#10;/usr/local/Cellar/fastlane/2.220.0/libexec/gems/fastlane-2.220.0/fastlane/lib/fastlane/commands_generator.rb:110:in `block (2 levels) in run&apos;&#10;/usr/local/Cellar/fastlane/2.220.0/libexec/gems/commander-4.6.0/lib/commander/command.rb:187:in `call&apos;&#10;/usr/local/Cellar/fastlane/2.220.0/libexec/gems/commander-4.6.0/lib/commander/command.rb:157:in `run&apos;&#10;/usr/local/Cellar/fastlane/2.220.0/libexec/gems/commander-4.6.0/lib/commander/runner.rb:444:in `run_active_command&apos;&#10;/usr/local/Cellar/fastlane/2.220.0/libexec/gems/fastlane-2.220.0/fastlane_core/lib/fastlane_core/ui/fastlane_runner.rb:124:in `run!&apos;&#10;/usr/local/Cellar/fastlane/2.220.0/libexec/gems/commander-4.6.0/lib/commander/delegates.rb:18:in `run!&apos;&#10;/usr/local/Cellar/fastlane/2.220.0/libexec/gems/fastlane-2.220.0/fastlane/lib/fastlane/commands_generator.rb:363:in `run&apos;&#10;/usr/local/Cellar/fastlane/2.220.0/libexec/gems/fastlane-2.220.0/fastlane/lib/fastlane/commands_generator.rb:43:in `start&apos;&#10;/usr/local/Cellar/fastlane/2.220.0/libexec/gems/fastlane-2.220.0/fastlane/lib/fastlane/cli_tools_distributor.rb:123:in `take_off&apos;&#10;/usr/local/Cellar/fastlane/2.220.0/libexec/gems/fastlane-2.220.0/bin/fastlane:23:in `&lt;top (required)&gt;&apos;&#10;/usr/local/Cellar/fastlane/2.220.0/libexec/bin/fastlane:25:in `load&apos;&#10;/usr/local/Cellar/fastlane/2.220.0/libexec/bin/fastlane:25:in `&lt;main&gt;&apos;&#10;&#10;Exit status of command &apos;flutter build appbundle --release --obfuscate --split-debug-info\=build/app/outputs/symbols --shrink&apos; was 1 instead of 0.&#10;Resolving dependencies...&#10;Downloading packages...&#10;  agora_rtc_engine 6.3.1 (6.3.2 available)&#10;  archive 3.6.0 (3.6.1 available)&#10;  change_app_package_name 1.1.0 (1.2.0 available)&#10;  firebase_core 2.31.1 (3.0.0 available)&#10;  firebase_core_web 2.17.0 (2.17.1 available)&#10;  flutter_screenutil 5.9.1 (5.9.3 available)&#10;  go_router 14.1.3 (14.1.4 available)&#10;  in_app_update 4.2.2 (4.2.3 available)&#10;  leak_tracker 10.0.4 (10.0.5 available)&#10;  leak_tracker_flutter_testing 3.0.3 (3.0.5 available)&#10;  material_color_utilities 0.8.0 (0.11.1 available)&#10;  meta 1.12.0 (1.15.0 available)&#10;  path_provider_android 2.2.4 (2.2.5 available)&#10;  permission_handler_apple 9.4.4 (9.4.5 available)&#10;  test_api 0.7.0 (0.7.2 available)&#10;  url_launcher 6.2.6 (6.3.0 available)&#10;  url_launcher_android 6.3.2 (6.3.3 available)&#10;  vm_service 14.2.1 (14.2.3 available)&#10;  webview_flutter_android 3.16.2 (3.16.4 available)&#10;Got dependencies!&#10;19 packages have newer versions incompatible with dependency constraints.&#10;Try `flutter pub outdated` for more information.&#10;&#10;Running Gradle task &apos;bundleRelease&apos;...                          &#10;Note: /Users/pp/.pub-cache/hosted/pub.dev/google_mobile_ads-5.1.0/android/src/main/java/io/flutter/plugins/googlemobileads/FlutterRequestAgentProvider.java uses or overrides a deprecated API.&#10;Note: Recompile with -Xlint:deprecation for details.&#10;Expected to find fonts for (packages/cupertino_icons/CupertinoIcons, MaterialIcons), but found (MaterialIcons). This usually means you are referring to font families in an IconData class but not including them in the assets section of your pubspec.yaml, are missing the package that would include them, or are missing &quot;uses-material-design: true&quot;.&#10;Font asset &quot;MaterialIcons-Regular.otf&quot; was tree-shaken, reducing it from 1645184 to 3504 bytes (99.8% reduction). Tree-shaking can be disabled by providing the --no-tree-shake-icons flag when building your app.&#10;&#10;FAILURE: Build failed with an exception.&#10;&#10;* What went wrong:&#10;Execution failed for task &apos;:app:signReleaseBundle&apos;.&#10;&gt; A failure occurred while executing com.android.build.gradle.internal.tasks.FinalizeBundleTask$BundleToolRunnable&#10;   &gt; java.lang.NullPointerException (no error message)&#10;&#10;* Try:&#10;&gt; Run with --stacktrace option to get the stack trace.&#10;&gt; Run with --info or --debug option to get more log output.&#10;&gt; Run with --scan to get full insights.&#10;&#10;* Get more help at https://help.gradle.org&#10;&#10;BUILD FAILED in 2m 23s&#10;Running Gradle task &apos;bundleRelease&apos;...                            144.2s&#10;Gradle task bundleRelease failed with exit code 1&#10;" />
        
      </testcase>
    
  </testsuite>
</testsuites>
